getExternalContent( URL  ) took    645.04 ms
valid_MARKETS took    2.0 ms
market INSERT in tables took    1148.07 ms
getExternalContent( URL  ) took    14244.81 ms
valid_MARKETS took    1.0 ms
market INSERT in tables took    1394.08 ms
getExternalContent( URL  ) took    1335.08 ms
valid_MARKETS took    2.0 ms
market INSERT in tables took    1137.06 ms
------------------------------------------------------------------------------------------
getExternalContent( URL  ) took    681.04 ms
valid_MARKETS took    1.0 ms
market INSERT in tables took    1059.06 ms
------------------------------------------------------------------------------------------
getExternalContent( URL  ) took    2129.12 ms
valid_MARKETS took    2.0 ms
market INSERT in tables took    900.05 ms
------------------------------------------------------------------------------------------
getExternalContent( URL  ) took    680.04 ms
valid_MARKETS took    2.0 ms
market INSERT in tables took    924.05 ms
------------------------------------------------------------------------------------------
getExternalContent( URL  ) took    808.05 ms
valid_MARKETS took    2.0 ms
market INSERT in tables took    917.05 ms
------------------------------------------------------------------------------------------
getExternalContent( URL  ) took    883.05 ms
valid_MARKETS took    2.0 ms
market INSERT in tables took    1015.06 ms
getExternalContent( URL  ) took    844.05 ms
valid_MARKETS took    2.0 ms
market INSERT in tables took    824.05 ms
UPDATe evolution market table  took    2253.13 ms
------------------------------------------------------------------------------------------
getExternalContent( URL  ) took    676.04 ms
valid_MARKETS took    4.0 ms
market INSERT in tables took    1674.1 ms
------------------------------------------------------------------------------------------
2018-01-27 22:54:51       getExternalContent( URL  ) took    643.04 ms
2018-01-27 22:54:51       valid_MARKETS took    2.0 ms
2018-01-27 22:54:51       market INSERT in tables took    1206.07 ms
------------------------------------------------------------------------------------------
2018-01-27 23:22:24       getExternalContent( URL  ) took    2522.14 ms
2018-01-27 23:22:24       valid_MARKETS took    2.0 ms
2018-01-27 23:44:01       getExternalContent( URL  ) took    630.04 ms
2018-01-27 23:44:01       valid_MARKETS took    2.0 ms
2018-01-28 00:08:05       getExternalContent( URL  ) took    700.04 ms
2018-01-28 00:08:05       valid_MARKETS took    2.0 ms
2018-01-28 00:12:55       getExternalContent( URL  ) took    581.03 ms
2018-01-28 00:12:55       valid_MARKETS took    2.0 ms
2018-01-28 00:13:01       getExternalContent( URL  ) took    683.04 ms
2018-01-28 00:13:01       valid_MARKETS took    2.0 ms
2018-01-28 00:14:35       getExternalContent( URL  ) took    656.04 ms
2018-01-28 00:14:35       valid_MARKETS took    2.0 ms
2018-01-28 00:18:33       getExternalContent( URL  ) took    933.05 ms
2018-01-28 00:18:33       valid_MARKETS took    2.0 ms
2018-01-28 00:24:24       getExternalContent( URL  ) took    699.04 ms
2018-01-28 00:24:24       valid_MARKETS took    2.0 ms
2018-01-28 00:24:24       market INSERT in tables took    867.05 ms
------------------------------------------------------------------------------------------
2018-01-28 00:26:02       getExternalContent( URL  ) took    1295.07 ms
2018-01-28 00:26:02       valid_MARKETS took    2.0 ms
2018-01-28 00:26:02       market INSERT in tables took    847.05 ms
------------------------------------------------------------------------------------------
2018-01-28 00:27:24       getExternalContent( URL  ) took    747.04 ms
2018-01-28 00:27:24       valid_MARKETS took    2.0 ms
2018-01-28 00:27:24       market INSERT in tables took    1168.07 ms
------------------------------------------------------------------------------------------
2018-01-28 00:28:39       getExternalContent( URL  ) took    759.04 ms
2018-01-28 00:28:39       valid_MARKETS took    2.0 ms
2018-01-28 00:28:39       market INSERT in tables took    698.04 ms
------------------------------------------------------------------------------------------
2018-01-30 12:35:33       getExternalContent( URL  ) took    665.04 ms
2018-01-30 12:35:33       valid_MARKETS took    4.0 ms
2018-01-30 12:35:33       market INSERT in tables took    1550.09 ms
------------------------------------------------------------------------------------------
2018-01-30 12:36:03       getExternalContent( URL  ) took    595.03 ms
2018-01-30 12:36:03       valid_MARKETS took    2.0 ms
2018-01-30 12:36:03       market INSERT in tables took    755.04 ms
------------------------------------------------------------------------------------------
2018-01-30 12:53:38       getExternalContent( URL  ) took    824.05 ms
2018-01-30 12:53:38       valid_MARKETS took    2.0 ms
2018-01-30 12:53:38       market INSERT in tables took    752.04 ms
------------------------------------------------------------------------------------------
2018-01-30 13:00:26       getExternalContent( URL  ) took    969.06 ms
2018-01-30 13:00:26       valid_MARKETS took    2.0 ms
2018-01-30 13:00:26       market INSERT in tables took    931.05 ms
------------------------------------------------------------------------------------------
2018-01-30 13:02:43       getExternalContent( URL  ) took    643.04 ms
2018-01-30 13:02:43       valid_MARKETS took    2.0 ms
2018-01-30 13:02:43       market INSERT in tables took    783.04 ms
------------------------------------------------------------------------------------------
2018-01-30 13:04:06       getExternalContent( URL  ) took    644.04 ms
2018-01-30 13:04:06       valid_MARKETS took    1.0 ms
2018-01-30 13:04:06       market INSERT in tables took    855.05 ms
------------------------------------------------------------------------------------------
2018-01-30 13:04:39       getExternalContent( URL  ) took    637.04 ms
2018-01-30 13:04:39       valid_MARKETS took    2.0 ms
2018-01-30 13:04:39       market INSERT in tables took    899.05 ms
------------------------------------------------------------------------------------------
2018-01-30 13:11:37       getExternalContent( URL  ) took    718.04 ms
2018-01-30 13:11:37       valid_MARKETS took    2.0 ms
2018-01-30 13:11:37       market INSERT in tables took    856.05 ms
------------------------------------------------------------------------------------------
2018-01-30 13:49:24       getExternalContent( URL  ) took    1505.09 ms
2018-01-30 13:49:24       valid_MARKETS took    2.0 ms
2018-01-30 13:49:24       market INSERT in tables took    805.05 ms
------------------------------------------------------------------------------------------
2018-01-30 14:08:25       getExternalContent( URL  ) took    626.04 ms
2018-01-30 14:08:25       valid_MARKETS took    1.0 ms
2018-01-30 14:08:25       market INSERT in tables took    749.04 ms
------------------------------------------------------------------------------------------
2018-01-30 14:13:38       getExternalContent( URL  ) took    2104.12 ms
2018-01-30 14:13:38       valid_MARKETS took    2.0 ms
2018-01-30 14:13:38       market INSERT in tables took    781.04 ms
------------------------------------------------------------------------------------------
2018-01-30 15:51:19       getExternalContent( URL  ) took    621.04 ms
2018-01-30 15:51:19       valid_MARKETS took    2.0 ms
2018-01-30 15:51:19       market INSERT in tables took    838.05 ms
------------------------------------------------------------------------------------------
2018-01-30 16:31:26       getExternalContent( URL  ) took    1502.09 ms
2018-01-30 16:31:26       valid_MARKETS took    2.0 ms
2018-01-30 16:31:26       market INSERT in tables took    784.04 ms
------------------------------------------------------------------------------------------
2018-01-30 16:36:19       getExternalContent( URL  ) took    606.03 ms
2018-01-30 16:36:19       valid_MARKETS took    1.0 ms
2018-01-30 16:36:19       market INSERT in tables took    1085.06 ms
------------------------------------------------------------------------------------------
2018-01-30 16:36:54       getExternalContent( URL  ) took    3423.2 ms
2018-01-30 16:36:54       valid_MARKETS took    3.0 ms
2018-01-30 16:36:54       market INSERT in tables took    830.05 ms
------------------------------------------------------------------------------------------
2018-01-30 16:38:43       getExternalContent( URL  ) took    1112.06 ms
2018-01-30 16:38:43       valid_MARKETS took    2.0 ms
2018-01-30 16:38:43       market INSERT in tables took    813.05 ms
------------------------------------------------------------------------------------------
2018-01-30 16:40:25       getExternalContent( URL  ) took    764.04 ms
2018-01-30 16:40:25       valid_MARKETS took    2.0 ms
2018-01-30 16:40:25       market INSERT in tables took    836.05 ms
------------------------------------------------------------------------------------------
2018-01-30 16:40:54       getExternalContent( URL  ) took    810.05 ms
2018-01-30 16:40:54       valid_MARKETS took    2.0 ms
2018-01-30 16:40:54       market INSERT in tables took    833.05 ms
------------------------------------------------------------------------------------------
2018-01-30 16:43:12       getExternalContent( URL  ) took    668.04 ms
2018-01-30 16:43:12       valid_MARKETS took    2.0 ms
2018-01-30 16:43:12       market INSERT in tables took    760.04 ms
------------------------------------------------------------------------------------------
2018-01-30 16:44:01       getExternalContent( URL  ) took    1554.09 ms
2018-01-30 16:44:01       valid_MARKETS took    2.0 ms
2018-01-30 16:44:01       market INSERT in tables took    752.04 ms
------------------------------------------------------------------------------------------
2018-01-30 16:48:32       getExternalContent( URL  ) took    698.04 ms
2018-01-30 16:48:32       valid_MARKETS took    2.0 ms
2018-01-30 16:48:32       market INSERT in tables took    827.05 ms
------------------------------------------------------------------------------------------
       ---------------     Best Markets : --------------- 
[('BTC-AGRS', (8.33, 3.16, 2.27)), ('BTC-NBT', (5.19, -0.62, -0.05)), ('BTC-MEME', (3.22, 0.63, 0.15)), ('BTC-BLK', (2.5, 0.89, 0.01)), ('BTC-LSK', (2.47, 0.42, 5.2))]
[('BTC-PART', (2.35, 0.13, 0.13)), ('BTC-SHIFT', (2.14, 0.23, -0.12)), ('BTC-XVC', (1.65, -3.36, 2.35)), ('BTC-CVC', (1.64, 0.37, 0.35)), ('BTC-FUN', (1.62, -0.36, -2.89))]
2018-01-30 16:50:25       getExternalContent( URL  ) took    639.04 ms
2018-01-30 16:50:25       valid_MARKETS took    2.0 ms
2018-01-30 16:50:25       market INSERT in tables took    757.04 ms
[('BTC-CLOAK', (2.38, 0.0, -0.03)), ('BTC-THC', (2.01, 0.75, 0.2)), ('BTC-NBT', (1.59, -0.04, 0.02)), ('BTC-MEME', (1.35, 2.74, 0.38)), ('BTC-VTC', (1.35, -0.0, 0.27))]
[('BTC-MANA', (1.17, 0.0, -0.06)), ('BTC-SALT', (0.94, 0.0, 0.13)), ('BTC-ADT', (0.87, 0.08, 0.08)), ('BTC-SLS', (0.79, 0.46, -0.66)), ('BTC-GNT', (0.71, 0.0, 0.31))]
------------------------------------------------------------------------------------------
2018-01-30 16:51:10       getExternalContent( URL  ) took    641.04 ms
2018-01-30 16:51:10       valid_MARKETS took    1.0 ms
2018-01-30 16:51:10       market INSERT in tables took    707.04 ms
       ---------------     Best Markets : --------------- 
[('BTC-AGRS', (4.78, 1.76, 0.12)), ('BTC-SPR', (1.78, 2.2, -0.02)), ('BTC-NBT', (1.24, 0.72, 0.06)), ('BTC-REP', (1.14, 0.64, 0.03)), ('BTC-GAME', (1.1, 0.94, 0.1))]
[('BTC-NAV', (1.09, 1.66, -0.38)), ('BTC-XCP', (1.06, -0.0, -0.03)), ('BTC-UKG', (0.91, 0.13, 0.05)), ('BTC-XDN', (0.64, 0.0, -0.07)), ('BTC-XZC', (0.63, -0.0, 0.04))]
------------------------------------------------------------------------------------------
2018-01-30 16:52:18       getExternalContent( URL  ) took    668.04 ms
2018-01-30 16:52:18       valid_MARKETS took    2.0 ms
2018-01-30 16:52:18       market INSERT in tables took    822.05 ms
_ __ __ __ __ __ __ __ __ __ __ __ __ __ __ __ __ __ __ __ _   Best Markets :_ __ __ __ __ __ __ __ __ __ __ __ __ __ __ __ __ __ __ __ _
[('BTC-XMG', (4.1, -1.47, -0.24)), ('BTC-LSK', (3.73, -0.14, 0.07)), ('BTC-NBT', (1.44, 0.03, -0.06)), ('BTC-EDG', (1.31, -0.15, 0.0)), ('BTC-ION', (1.07, 0.0, 0.1))]
[('BTC-BLOCK', (0.99, -0.15, -1.35)), ('BTC-REP', (0.88, 0.0, 0.01)), ('BTC-DCR', (0.76, 0.0, 0.11)), ('BTC-HMQ', (0.74, 1.45, -0.1)), ('BTC-XZC', (0.67, 0.95, 1.43))]
------------------------------------------------------------------------------------------
2018-01-30 16:53:10       getExternalContent( URL  ) took    637.04 ms
2018-01-30 16:53:10       valid_MARKETS took    2.0 ms
2018-01-30 16:53:10       market INSERT in tables took    714.04 ms
_ . _ . _ . _ . _ . _ . _ . _ . _ . _ . _ . _ . _ . _ . _ . _ . _ . _ . _ . _ .    Best Markets :_ . _ . _ . _ . _ . _ . _ . _ . _ . _ . _ . _ . _ . _ . _ . _ . _ . _ . _ . _ . 
[('BTC-AGRS', (3.97, -0.02, 0.31)), ('BTC-MEME', (0.93, -0.07, 0.1)), ('BTC-XVC', (0.83, -0.01, 0.44)), ('BTC-UKG', (0.74, 0.26, 0.05)), ('BTC-VTC', (0.67, -0.0, 0.01))]
[('BTC-OK', (0.56, 0.45, -0.53)), ('BTC-ZEC', (0.46, 0.0, 0.02)), ('BTC-ANT', (0.41, 1.32, 0.0)), ('BTC-XMG', (0.4, -0.09, 0.14)), ('BTC-XMR', (0.38, -0.34, 0.48))]
------------------------------------------------------------------------------------------
2018-01-30 16:54:01       getExternalContent( URL  ) took    644.04 ms
2018-01-30 16:54:01       valid_MARKETS took    2.0 ms
2018-01-30 16:54:01       market INSERT in tables took    717.04 ms
_ _ _ _ _ _ _ _ _ _ _ _ _ _ _ _ _ _ _ _ _ _ _ _ _ _ _ _ _ _ _ _ _ _ _ _ _ _ _ _    Best Markets :_ _ _ _ _ _ _ _ _ _ _ _ _ _ _ _ _ _ _ _ _ _ _ _ _ _ _ _ _ _ _ _ _ _ _ _ _ _ _ _ 
[('BTC-EDG', (2.04, 0.0, 0.01)), ('BTC-XVC', (1.75, 0.02, 0.05)), ('BTC-MEME', (1.25, 2.2, 0.7)), ('BTC-ION', (1.11, 0.73, 0.04)), ('BTC-1ST', (1.02, 0.76, 0.05))]
[('BTC-FCT', (0.81, 0.0, 0.03)), ('BTC-VOX', (0.72, 0.0, -0.11)), ('BTC-FUN', (0.61, 0.85, -0.53)), ('BTC-SYS', (0.59, 0.0, 0.07)), ('BTC-THC', (0.56, 1.79, 0.06))]
------------------------------------------------------------------------------------------
2018-01-30 16:57:27       getExternalContent( URL  ) took    652.04 ms
2018-01-30 16:57:27       valid_MARKETS took    2.0 ms
2018-01-30 16:57:27       market INSERT in tables took    765.04 ms
_ _ _ _ _ _ _ _ _ _ _ _ _ _ _ _ _ _ _ _ _ _ _ _ _ _ _ _ _ _ _ _ _ _ _ _    Best Markets :_ _ _ _ _ _ _ _ _ _ _ _ _ _ _ _ _ _ _ _ _ _ _ _ _ _ _ _ _ _ _ _ _ _ _ _ 
[('BTC-UKG', (4.4, 2.65, -0.26)), ('BTC-THC', (2.53, -0.05, 0.35)), ('BTC-SLS', (2.14, -1.47, 0.52)), ('BTC-XZC', (1.2, -1.47, 2.47))]
[('BTC-QRL', (1.12, 0.0, -0.12)), ('BTC-RLC', (1.06, 1.41, -0.22)), ('BTC-GUP', (0.93, 0.3, 0.25)), ('BTC-VIB', (0.89, -0.54, -0.38))]
[('BTC-DCR', (0.64, 0.01, 0.16)), ('BTC-GBYTE', (0.57, 0.0, -0.32)), ('BTC-BAY', (0.56, -0.17, 0.15)), ('BTC-VTC', (0.5, 0.24, 0.11))]
------------------------------------------------------------------------------------------
2018-01-30 16:57:58       getExternalContent( URL  ) took    624.04 ms
2018-01-30 16:57:58       valid_MARKETS took    1.0 ms
2018-01-30 16:57:58       market INSERT in tables took    688.04 ms
_ _ _ _ _ _ _ _ _ _ _ _ _ _ _ _ _ _ _ _ _ _ _ _ _ _ _ _ _ _ _ _ _ _ _ _    Best Markets :_ _ _ _ _ _ _ _ _ _ _ _ _ _ _ _ _ _ _ _ _ _ _ _ _ _ _ _ _ _ _ _ _ _ _ _ 
[('BTC-AGRS', (1.89, 0.64, 0.13)), ('BTC-XMG', (1.52, -0.04, -0.06)), ('BTC-THC', (1.37, -0.05, 0.01)), ('BTC-MEME', (1.19, -0.01, 0.23))]
[('BTC-SLS', (1.06, 0.0, -0.09)), ('BTC-ENG', (0.88, 0.42, -0.12)), ('BTC-UKG', (0.79, 0.0, 0.0)), ('BTC-ION', (0.53, 0.0, 0.01))]
[('BTC-SNT', (0.49, 0.66, 0.01)), ('BTC-GUP', (0.46, 0.56, 0.01)), ('BTC-STORJ', (0.44, 0.1, 0.04)), ('BTC-VIB', (0.39, 0.0, 0.0))]
------------------------------------------------------------------------------------------
2018-01-31 01:19:28       getExternalContent( URL  ) took    620.04 ms
2018-01-31 01:19:28       valid_MARKETS took    2.0 ms
2018-01-31 01:19:28       market INSERT in tables took    941.05 ms
_ _ _ _ _ _ _ _ _ _ _ _ _ _ _ _ _ _ _ _ _ _ _ _ _ _ _ _ _ _    Best Markets :_ _ _ _ _ _ _ _ _ _ _ _ _ _ _ _ _ _ _ _ _ _ _ _ _ _ _ _ _ _ 
[('BTC-NBT', (75.32, 4.51, 113.0)), ('BTC-GNT', (14.01, -3.2, 13.28)), ('BTC-CLOAK', (10.3, 6.67, 3.34)), ('BTC-EDG', (10.2, -2.06, 15.62))]
[('BTC-GAME', (9.69, -8.45, 161.09)), ('BTC-LTC', (8.38, 1.43, 50.08)), ('BTC-VTC', (7.63, 1.39, 77.62)), ('BTC-LSK', (4.89, 1.4, 40.38))]
[('BTC-THC', (4.59, -1.22, 7.62)), ('BTC-MAID', (3.99, 0.23, 16.43)), ('BTC-XRP', (1.06, -2.04, 38.72)), ('BTC-LUN', (0.99, -2.46, 3.53))]
------------------------------------------------------------------------------------------
2018-01-31 23:35:22       getExternalContent( URL  ) took    626.01 ms
2018-01-31 23:35:22       valid_MARKETS took    0.0 ms
2018-01-31 23:35:22       market INSERT in tables took    1141.02 ms
_ _ _ _ _ _ _ _ _ _ _ _ _ _ _ _ _ _ _ _ _ _ _ _ _ _ _ _ _ _    Best Markets :_ _ _ _ _ _ _ _ _ _ _ _ _ _ _ _ _ _ _ _ _ _ _ _ _ _ _ _ _ _ 
[('BTC-LSK', (75.16, 20.14, 553.93)), ('BTC-SPR', (32.62, -14.26, -24.37)), ('BTC-DCR', (30.62, 8.25, -33.02)), ('BTC-QTUM', (30.25, 8.98, 91.47))]
[('BTC-THC', (22.22, 6.26, -35.99)), ('BTC-BLK', (19.72, -1.09, -74.15)), ('BTC-1ST', (19.33, 5.44, -49.87)), ('BTC-ANT', (17.66, 19.12, -41.75))]
[('BTC-ETH', (16.68, 3.48, 6.89)), ('BTC-GRS', (16.51, -3.15, 2.46)), ('BTC-OK', (15.64, 5.72, 74.96)), ('BTC-OMG', (15.52, 2.19, -37.79))]
------------------------------------------------------------------------------------------
2018-02-01 11:23:14       getExternalContent( URL  ) took    624.04 ms
2018-02-01 11:23:14       valid_MARKETS took    2.0 ms
2018-02-01 11:23:14       market INSERT in tables took    729.04 ms
_ _ _ _ _ _ _ _ _ _ _ _ _ _ _ _ _ _ _ _ _ _ _ _ _ _ _ _ _ _    Best Markets :_ _ _ _ _ _ _ _ _ _ _ _ _ _ _ _ _ _ _ _ _ _ _ _ _ _ _ _ _ _ 
[('BTC-KORE', (47.18, 11.51, 1820.82)), ('BTC-AGRS', (35.93, 8.46, 72.85)), ('BTC-STEEM', (32.46, 8.12, 5.7)), ('BTC-AUR', (31.94, 10.73, 61.49))]
[('BTC-CVC', (20.85, 1.67, 23.18)), ('BTC-AMP', (20.77, 10.03, 233.62)), ('BTC-TIX', (20.53, 6.04, 319.16)), ('BTC-SLS', (17.6, -2.05, 58.37))]
[('BTC-XCP', (15.93, 6.55, -63.4)), ('BTC-SYS', (15.27, 4.48, 30.46)), ('BTC-BNT', (12.68, 1.99, 7.86)), ('BTC-PAY', (12.29, 1.99, 18.63))]
------------------------------------------------------------------------------------------
2018-02-01 11:41:43       getExternalContent( URL  ) took    482.03 ms
2018-02-01 11:41:43       valid_MARKETS took    2.0 ms
2018-02-01 11:41:43       market INSERT in tables took    717.04 ms
_ _ _ _ _ _ _ _ _ _ _ _ _ _ _ _ _ _ _ _ _ _ _ _ _ _ _ _ _ _    Best Markets :_ _ _ _ _ _ _ _ _ _ _ _ _ _ _ _ _ _ _ _ _ _ _ _ _ _ _ _ _ _ 
[('BTC-SBD', (5.86, 1.35, 24.45)), ('BTC-AMP', (4.49, -2.9, 6.42)), ('BTC-STEEM', (4.01, 5.59, 38.84)), ('BTC-TIX', (2.81, 5.01, 3.25))]
[('BTC-DCT', (2.55, 0.45, 0.04)), ('BTC-EDG', (2.33, 0.35, 0.07)), ('BTC-OK', (2.1, 1.6, 5.15)), ('BTC-ETH', (2.1, 0.44, 2.31))]
[('BTC-TRST', (1.84, 1.19, 0.16)), ('BTC-XEL', (1.81, -0.99, 0.25)), ('BTC-MONA', (1.8, 0.16, -0.74)), ('BTC-VIB', (1.53, 1.78, 0.55))]
------------------------------------------------------------------------------------------
2018-02-01 11:59:07       getExternalContent( URL  ) took    609.03 ms
2018-02-01 11:59:07       valid_MARKETS took    2.0 ms
2018-02-01 11:59:07       market INSERT in tables took    861.05 ms
_ _ _ _ _ _ _ _ _ _ _ _ _ _ _ _ _ _ _ _ _ _ _ _ _ _ _ _ _ _    Best Markets :_ _ _ _ _ _ _ _ _ _ _ _ _ _ _ _ _ _ _ _ _ _ _ _ _ _ _ _ _ _ 
[('BTC-RISE', (5.48, 0.0, 1.25)), ('BTC-SPR', (3.67, -0.03, 0.19)), ('BTC-WAVES', (3.32, 0.9, 7.14)), ('BTC-UKG', (3.27, 0.99, 0.28))]
[('BTC-ADT', (2.76, 2.09, 0.65)), ('BTC-QRL', (2.51, -1.15, -0.78)), ('BTC-ETH', (2.33, 0.72, 1.95)), ('BTC-AGRS', (2.25, 0.4, 0.09))]
[('BTC-ENG', (2.22, 1.19, 1.3)), ('BTC-TRST', (1.9, -0.39, 1.16)), ('BTC-BAY', (1.67, -0.37, -1.76)), ('BTC-XMR', (1.24, 0.2, 1.59))]
------------------------------------------------------------------------------------------
2018-02-01 12:50:35       getExternalContent( URL  ) took    811.02 ms
2018-02-01 12:50:35       valid_MARKETS took    2.0 ms
2018-02-01 12:50:35       market INSERT in tables took    806.01 ms
_ _ _ _ _ _ _ _ _ _ _ _ _ _ _ _ _ _ _ _ _ _ _ _ _ _ _ _ _ _    Best Markets :_ _ _ _ _ _ _ _ _ _ _ _ _ _ _ _ _ _ _ _ _ _ _ _ _ _ _ _ _ _ 
[('BTC-IGNIS', (9.17, 4.0, 2.42)), ('BTC-VIB', (7.02, 1.81, 1.84)), ('BTC-GUP', (5.01, 1.2, 7.74)), ('BTC-EMC2', (3.04, 1.8, 8.61))]
[('BTC-NXS', (2.96, -0.04, 1.96)), ('BTC-VOX', (2.8, 1.24, -5.86)), ('BTC-SNT', (2.7, 1.01, 5.06)), ('BTC-TIX', (2.64, 3.61, 4.25))]
[('BTC-XMR', (2.1, 0.99, 2.96)), ('BTC-AMP', (2.03, -1.29, 7.74)), ('BTC-ETH', (1.93, 0.06, 7.31)), ('BTC-XVG', (1.91, 0.15, 2.41))]
------------------------------------------------------------------------------------------
2018-02-02 13:08:13       getExternalContent( URL  ) took    562.02 ms
2018-02-02 13:08:13       valid_MARKETS took    4.0 ms
2018-02-02 13:08:13       market INSERT in tables took    880.04 ms
_ _ _ _ _ _ _ _ _ _ _ _ _ _ _ _ _ _ _ _ _ _ _ _ _ _ _ _ _ _    Best Markets :_ _ _ _ _ _ _ _ _ _ _ _ _ _ _ _ _ _ _ _ _ _ _ _ _ _ _ _ _ _ 
[('BTC-NBT', (155.33, 17.39, 688.8)), ('BTC-WINGS', (90.29, 24.88, 7223.61)), ('BTC-ZEC', (36.89, 7.7, 214.75)), ('BTC-ARDR', (21.73, -24.24, 126.28))]
[('BTC-RISE', (17.0, -10.02, 3.91)), ('BTC-BNT', (13.7, -10.05, 518.05)), ('BTC-NLG', (10.05, 6.41, 136.21)), ('BTC-LMC', (9.79, 11.14, 353.29))]
[('BTC-DOPE', (8.57, -0.57, 297.02)), ('BTC-CFI', (5.26, -16.19, 41.02)), ('BTC-BLOCK', (3.77, -5.3, 522.42)), ('BTC-RLC', (2.88, -2.64, 142.33))]
------------------------------------------------------------------------------------------
2018-02-02 13:09:47       getExternalContent( URL  ) took    618.04 ms
2018-02-02 13:09:47       valid_MARKETS took    2.0 ms
2018-02-02 13:09:47       market INSERT in tables took    738.04 ms
_ _ _ _ _ _ _ _ _ _ _ _ _ _ _ _ _ _ _ _ _ _ _ _ _ _ _ _ _ _    Best Markets :_ _ _ _ _ _ _ _ _ _ _ _ _ _ _ _ _ _ _ _ _ _ _ _ _ _ _ _ _ _ 
[('BTC-MAID', (4.26, 2.01, 1.57)), ('BTC-WAVES', (2.28, 1.17, 0.02)), ('BTC-POWR', (1.36, 0.49, 0.15)), ('BTC-THC', (1.27, -0.11, -0.41))]
[('BTC-FCT', (0.96, 0.0, -4.44)), ('BTC-BTG', (0.9, -0.05, 0.07)), ('BTC-PIVX', (0.88, 0.95, -0.02)), ('BTC-PAY', (0.87, 0.05, -0.41))]
[('BTC-ZCL', (0.81, 1.02, 0.02)), ('BTC-QTUM', (0.75, 0.86, -0.03)), ('BTC-XDN', (0.74, 0.0, -0.21)), ('BTC-SALT', (0.72, -1.11, 0.03))]
------------------------------------------------------------------------------------------
2018-02-02 13:10:30       getExternalContent( URL  ) took    631.04 ms
2018-02-02 13:10:30       valid_MARKETS took    2.0 ms
2018-02-02 13:10:30       market INSERT in tables took    876.05 ms
_ _ _ _ _ _ _ _ _ _ _ _ _ _ _ _ _ _ _ _ _ _ _ _ _ _ _ _ _ _    Best Markets :_ _ _ _ _ _ _ _ _ _ _ _ _ _ _ _ _ _ _ _ _ _ _ _ _ _ _ _ _ _ 
[('BTC-WAVES', (4.14, -0.7, -0.98)), ('BTC-XEL', (3.61, 0.0, -0.16)), ('BTC-SBD', (1.87, 0.0, -0.05)), ('BTC-PTOY', (1.69, 0.87, 0.05))]
[('BTC-RLC', (1.59, -1.63, 0.16)), ('BTC-SNT', (1.5, 0.0, 0.04)), ('BTC-POT', (1.29, -0.06, 0.01)), ('BTC-VRC', (1.25, 1.48, 0.0))]
[('BTC-QRL', (1.13, -1.31, 0.01)), ('BTC-ZCL', (1.07, -0.54, -0.03)), ('BTC-XCP', (0.86, 0.0, -0.01)), ('BTC-XZC', (0.78, -0.11, 0.01))]
------------------------------------------------------------------------------------------
